<?xml version="1.0" encoding="utf-8"?><testsuites name="pytest tests"><testsuite name="pytest" errors="0" failures="0" skipped="0" tests="45" time="24.786" timestamp="2026-09-03T11:53:57.561264+00:00" hostname="agent-env-77dadc8c-3a10-49b8-87c8-547a5be0b0e0"><testcase classname="tests.backend_test.TestHealth" name="test_health" time="0.217" /><testcase classname="tests.backend_test.TestHealth" name="test_constants" time="0.154" /><testcase classname="tests.backend_test.TestAuth" name="test_login_admin" time="0.537" /><testcase classname="tests.backend_test.TestAuth" name="test_login_wrong_password_generic" time="0.524" /><testcase classname="tests.backend_test.TestAuth" name="test_login_unknown_email_generic" time="0.217" /><testcase classname="tests.backend_test.TestAuth" name="test_me_requires_auth" time="0.169" /><testcase classname="tests.backend_test.TestAuth" name="test_me_with_bearer" time="0.728" /><testcase classname="tests.backend_test.TestAuth" name="test_invalid_token" time="0.170" /><testcase classname="tests.backend_test.TestRBAC" name="test_direktur_can_read" time="1.126" /><testcase classname="tests.backend_test.TestRBAC" name="test_direktur_forbidden_writes" time="0.242" /><testcase classname="tests.backend_test.TestRBAC" name="test_ao_forbidden_users_and_ranking" time="0.431" /><testcase classname="tests.backend_test.TestDashboards" name="test_dashboard_me_ao_lending" time="0.113" /><testcase classname="tests.backend_test.TestDashboards" name="test_ao_portfolio_scoped" time="0.999" /><testcase classname="tests.backend_test.TestDashboards" name="test_executive_dashboard" time="0.121" /><testcase classname="tests.backend_test.TestDashboards" name="test_npf_endpoint" time="0.082" /><testcase classname="tests.backend_test.TestDashboards" name="test_portfolio_summary" time="0.076" /><testcase classname="tests.backend_test.TestRanking" name="test_ranking_lending" time="0.091" /><testcase classname="tests.backend_test.TestRanking" name="test_ranking_funding_and_remedial" time="0.186" /><testcase classname="tests.backend_test.TestRanking" name="test_ranking_invalid_type" time="0.078" /><testcase classname="tests.backend_test.TestDivideByZero" name="test_zero_target_zero_realisasi_yields_na" time="1.451" /><testcase classname="tests.backend_test.TestDivideByZero" name="test_zero_target_positive_realisasi" time="1.404" /><testcase classname="tests.backend_test.TestTargets" name="test_upsert_target_and_achievement_reflects" time="1.613" /><testcase classname="tests.backend_test.TestPerfSettings" name="test_weights_must_sum_100" time="0.089" /><testcase classname="tests.backend_test.TestPerfSettings" name="test_valid_weights_versioning" time="0.387" /><testcase classname="tests.backend_test.TestPerfSettings" name="test_out_of_range_weight" time="0.070" /><testcase classname="tests.backend_test.TestUserManagement" name="test_create_reset_role_status_delete" time="5.011" /><testcase classname="tests.backend_test.TestUserManagement" name="test_duplicate_email_rejected" time="0.078" /><testcase classname="tests.backend_test.TestUserManagement" name="test_create_user_weak_password_rejected" time="0.076" /><testcase classname="tests.backend_test.TestLockout" name="test_lockout_after_5_failures" time="3.684" /><testcase classname="tests.backend_test.TestCollection" name="test_create_with_photos_no_gps" time="1.277" /><testcase classname="tests.backend_test.TestCollection" name="test_create_with_gps_valid" time="0.322" /><testcase classname="tests.backend_test.TestCollection" name="test_max_5_photos" time="0.096" /><testcase classname="tests.backend_test.TestCollection" name="test_ao_funding_cannot_create" time="0.755" /><testcase classname="tests.backend_test.TestCollection" name="test_ao_sees_only_own" time="0.177" /><testcase classname="tests.backend_test.TestDataManagement" name="test_export_endpoints" time="0.445" /><testcase classname="tests.backend_test.TestDataManagement" name="test_export_invalid_type" time="0.078" /><testcase classname="tests.backend_test.TestDataManagement" name="test_import_preview_portfolio" time="0.488" /><testcase classname="tests.backend_test.TestDataManagement" name="test_import_history" time="0.089" /><testcase classname="tests.backend_test.TestDataManagement" name="test_backup_excludes_password_hash" time="0.103" /><testcase classname="tests.backend_test.TestSettingsAudit" name="test_get_settings" time="0.089" /><testcase classname="tests.backend_test.TestSettingsAudit" name="test_update_settings" time="0.251" /><testcase classname="tests.backend_test.TestSettingsAudit" name="test_settings_write_forbidden_for_ao" time="0.084" /><testcase classname="tests.backend_test.TestSettingsAudit" name="test_audit_logs" time="0.078" /><testcase classname="tests.backend_test.TestSettingsAudit" name="test_audit_forbidden_for_ao" time="0.082" /><testcase classname="tests.backend_test.TestPasswordHashFormat" name="test_bcrypt_hash_format" time="0.174" /></testsuite></testsuites>