<?xml version="1.0" encoding="utf-8"?><testsuites name="pytest tests"><testsuite name="pytest" errors="0" failures="1" skipped="0" tests="49" time="17.538" timestamp="2026-08-25T12:12:56.758581+00:00" hostname="agent-env-94004478-eb8a-45e1-bfb2-ab09258fdf3d"><testcase classname="tests.backend_test.TestCasesRead" name="test_list_cases" time="1.857" /><testcase classname="tests.backend_test.TestApprovalWorkflow" name="test_admin_create_requires_approval" time="2.573" /><testcase classname="tests.backend_test.TestCasesRead" name="test_search_nomor" time="0.083" /><testcase classname="tests.backend_test.TestCasesRead" name="test_search_cif" time="0.088" /><testcase classname="tests.backend_test.TestCasesRead" name="test_search_loan" time="0.088" /><testcase classname="tests.backend_test.TestCasesRead" name="test_search_penggugat" time="0.086" /><testcase classname="tests.backend_test.TestCasesRead" name="test_filter_status_and_risk" time="0.086" /><testcase classname="tests.backend_test.TestCasesRead" name="test_filter_tahun" time="0.104" /><testcase classname="tests.backend_test.TestCasesRead" name="test_get_case_detail" time="0.187" /><testcase classname="tests.backend_test.TestApprovalWorkflow" name="test_admin_cannot_approve" time="1.480" /><testcase classname="tests.backend_test.TestCasesRead" name="test_get_case_404" time="0.084" /><testcase classname="tests.backend_test.TestAuth" name="test_login_depthead" time="0.686" /><testcase classname="tests.backend_test.TestAuth" name="test_login_admin" time="0.677" /><testcase classname="tests.backend_test.TestAuth" name="test_login_wrong_password" time="0.706" /><testcase classname="tests.backend_test.TestApprovalWorkflow" name="test_create_validation_and_duplicate" time="0.165" /><testcase classname="tests.backend_test.TestApprovalWorkflow" name="test_dept_head_create_is_auto_approved" time="0.584" /><testcase classname="tests.backend_test.TestAuth" name="test_login_unknown_user" time="0.162" /><testcase classname="tests.backend_test.TestApprovalWorkflow" name="test_edit_flow" time="0.856" /><testcase classname="tests.backend_test.TestAuth" name="test_bcrypt_hash_format" time="0.896" /><testcase classname="tests.backend_test.TestApprovalWorkflow" name="test_delete_nonaktif_flow" time="0.551" /><testcase classname="tests.backend_test.TestAuth" name="test_me_no_token" time="0.179" /><testcase classname="tests.backend_test.TestAuth" name="test_me_invalid_token" time="0.172" /><testcase classname="tests.backend_test.TestAuth" name="test_brute_force_lockout" time="3.948"><failure message="AssertionError: No lockout after 6 failures: [401, 401, 401, 401, 401, 401]&#10;assert (423 in [401, 401, 401, 401, 401, 401] or 429 in [401, 401, 401, 401, 401, 401])">E   AssertionError: No lockout after 6 failures: [401, 401, 401, 401, 401, 401]
    assert (423 in [401, 401, 401, 401, 401, 401] or 429 in [401, 401, 401, 401, 401, 401])</failure></testcase><testcase classname="tests.backend_test.TestApprovalWorkflow" name="test_delete_permanent_flow" time="0.695" /><testcase classname="tests.backend_test.TestApprovalWorkflow" name="test_admin_only_sees_own_approvals" time="0.529" /><testcase classname="tests.backend_test.TestApprovalWorkflow" name="test_cleanup_created" time="0.781" /><testcase classname="tests.backend_test.TestOperasionalAgendaDocs" name="test_update_operasional" time="0.729" /><testcase classname="tests.backend_test.TestOperasionalAgendaDocs" name="test_operasional_invalid_status_no_change" time="0.491" /><testcase classname="tests.backend_test.TestOperasionalAgendaDocs" name="test_agenda_crud_and_timeline" time="0.855" /><testcase classname="tests.backend_test.TestExportImport" name="test_export_cases" time="0.135" /><testcase classname="tests.backend_test.TestExportImport" name="test_export_database_depthead" time="0.267" /><testcase classname="tests.backend_test.TestOperasionalAgendaDocs" name="test_document_upload_download_delete" time="0.450" /><testcase classname="tests.backend_test.TestExportImport" name="test_export_database_forbidden_for_admin" time="0.254" /><testcase classname="tests.backend_test.TestOperasionalAgendaDocs" name="test_reject_non_pdf" time="0.071" /><testcase classname="tests.backend_test.TestExportImport" name="test_template_download" time="0.145" /><testcase classname="tests.backend_test.TestOperasionalAgendaDocs" name="test_upload_invalid_case" time="0.187" /><testcase classname="tests.backend_test.TestExportImport" name="test_import_preview_and_execute" time="0.536" /><testcase classname="tests.backend_test.TestUsers" name="test_list_users_depthead" time="0.089" /><testcase classname="tests.backend_test.TestUsers" name="test_admin_forbidden" time="0.201" /><testcase classname="tests.backend_test.TestUsers" name="test_create_user_validation" time="0.193" /><testcase classname="tests.backend_test.TestExportImport" name="test_import_rejects_non_xlsx" time="0.058" /><testcase classname="tests.backend_test.TestUsers" name="test_create_user_login_and_deactivate" time="2.967" /><testcase classname="tests.backend_test.TestExportImport" name="test_import_forbidden_for_admin" time="0.610" /><testcase classname="tests.backend_test.TestDashboard" name="test_stats" time="0.068" /><testcase classname="tests.backend_test.TestDashboard" name="test_stats_filter_region" time="0.538" /><testcase classname="tests.backend_test.TestDashboard" name="test_stats_requires_auth" time="0.183" /><testcase classname="tests.backend_test.TestDashboard" name="test_master_data" time="0.091" /><testcase classname="tests.backend_test.TestUsers" name="test_cannot_toggle_depthead" time="0.155" /><testcase classname="tests.backend_test.TestUsers" name="test_toggle_unknown_user" time="0.091" /></testsuite></testsuites>